0 verbose cli C:\Program Files\nodejs\node.exe C:\Users\kjw04\AppData\Roaming\npm\node_modules\npm\bin\npm-cli.js
1 info using npm@10.8.1
2 info using node@v20.14.0
3 silly config load:file:C:\Users\kjw04\AppData\Roaming\npm\node_modules\npm\npmrc
4 silly config load:file:C:\Users\kjw04\sprint_mission\team-project1\.npmrc
5 silly config load:file:C:\Users\kjw04\.npmrc
6 silly config load:file:C:\Users\kjw04\AppData\Roaming\npm\etc\npmrc
7 verbose title npm run eslint ./node_modules/.cache/eslint-loader/ content
8 verbose argv "run" "eslint" "--cache" "--cache-location" "./node_modules/.cache/eslint-loader/" "--cache-strategy" "content"
9 verbose logfile logs-max:10 dir:C:\Users\kjw04\sprint_mission\team-project1\--cache-location\_logs\2024-07-18T08_06_54_845Z-
10 verbose logfile C:\Users\kjw04\sprint_mission\team-project1\--cache-location\_logs\2024-07-18T08_06_54_845Z-debug-0.log
11 silly logfile done cleaning log files
12 verbose stack Error: Missing script: "eslint"
12 verbose stack
12 verbose stack To see a list of scripts, run:
12 verbose stack   npm run
12 verbose stack     at #run (C:\Users\kjw04\AppData\Roaming\npm\node_modules\npm\lib\commands\run-script.js:110:13)
12 verbose stack     at async RunScript.exec (C:\Users\kjw04\AppData\Roaming\npm\node_modules\npm\lib\commands\run-script.js:39:7)
12 verbose stack     at async Npm.exec (C:\Users\kjw04\AppData\Roaming\npm\node_modules\npm\lib\npm.js:207:9)
12 verbose stack     at async module.exports (C:\Users\kjw04\AppData\Roaming\npm\node_modules\npm\lib\cli\entry.js:74:5)
13 error Missing script: "eslint"
13 error
13 error To see a list of scripts, run:
13 error   npm run
14 verbose cwd C:\Users\kjw04\sprint_mission\team-project1
15 verbose os Windows_NT 10.0.19045
16 verbose node v20.14.0
17 verbose npm  v10.8.1
18 verbose exit 1
19 verbose code 1
20 error A complete log of this run can be found in: C:\Users\kjw04\sprint_mission\team-project1\--cache-location\_logs\2024-07-18T08_06_54_845Z-debug-0.log
